0.7810 
-1.8016 
-0.2808 
0.5635 
-1.0113 
0.4140 
1.4583 
-0.5621 
-0.1486 
-0.3952 
-0.0041 
-0.5300 
1.4502 
0.4048 
0.4897 
0.4998 
-0.7371 
-2.9021 
1.5015 
0.5028 
-0.7003 
-0.0482 
-1.1891 
1.2216 
0.4579 
-0.7513 
-0.7749 
1.3886 
0.6250 
-0.7306 
2.0292 
0.3201 
-0.5713 
1.1604 
-0.4687 
1.3036 
-0.9019 
0.7207 
0.6714 
-1.4020 
-0.5662 
-1.1961 
-0.7894 
-2.4720 
-2.4484 
-0.1459 
2.4758 
0.0233 
-0.3184 
-0.9305 
-0.8513 
-0.3779 
-0.4972 
-0.1865 
1.1247 
0.7496 
2.2330 
0.7339 
-0.8394 
-0.8325 
0.0214 
-0.8765 
0.3663 
-0.0118 
0.0676 
2.3026 
-2.3898 
-0.6762 
-1.5649 
-1.2626 
1.2649 
0.5860 
-0.9215 
0.1603 
0.0312 
0.1147 
0.0645 
-0.0737 
0.7029 
-0.1861 
1.4959 
-0.1743 
0.3540 
0.5187 
0.3006 
1.5750 
0.9290 
-1.3276 
1.1903 
0.3813 
-1.7897 
-0.2169 
-0.2965 
-0.0559 
0.5156 
-0.0600 
-0.6400 
0.1944 
-0.6672 
1.2184 
